{"level":"INFO","time":"2023-01-03T18:43:38.961+0800","caller":"logger/logger.go:43","msg":"init logger success"}
{"level":"ERROR","time":"2023-01-03T18:44:10.093+0800","caller":"controller/user.go:34","msg":"logic.signup failed","error":"用户已存在"}
{"level":"INFO","time":"2023-01-04T17:07:41.373+0800","caller":"logger/logger.go:43","msg":"init logger success"}
{"level":"ERROR","time":"2023-01-04T17:08:01.472+0800","caller":"controller/user.go:34","msg":"logic.signup failed","error":"用户已存在"}
{"level":"ERROR","time":"2023-01-04T17:08:09.486+0800","caller":"controller/user.go:34","msg":"logic.signup failed","error":"用户已存在"}
{"level":"INFO","time":"2023-01-04T17:27:48.006+0800","caller":"logger/logger.go:43","msg":"init logger success"}
{"level":"ERROR","time":"2023-01-04T17:27:55.544+0800","caller":"controller/user.go:33","msg":"logic.signup failed","error":"用户已存在"}
{"level":"ERROR","time":"2023-01-04T17:27:56.890+0800","caller":"controller/user.go:33","msg":"logic.signup failed","error":"用户已存在"}
{"level":"INFO","time":"2023-01-04T17:28:22.331+0800","caller":"logger/logger.go:43","msg":"init logger success"}
{"level":"ERROR","time":"2023-01-04T17:28:25.588+0800","caller":"controller/user.go:33","msg":"logic.signup failed","error":"用户已存在"}
{"level":"ERROR","time":"2023-01-04T17:28:28.113+0800","caller":"controller/user.go:33","msg":"logic.signup failed","error":"用户已存在"}
{"level":"INFO","time":"2023-01-04T18:08:32.715+0800","caller":"logger/logger.go:43","msg":"init logger success"}
{"level":"ERROR","time":"2023-01-04T18:08:35.584+0800","caller":"controller/user.go:34","msg":"logic.signup failed","error":"用户已存在"}
{"level":"INFO","time":"2023-01-04T18:09:37.681+0800","caller":"logger/logger.go:43","msg":"init logger success"}
{"level":"ERROR","time":"2023-01-04T18:09:40.343+0800","caller":"controller/user.go:34","msg":"logic.signup failed","error":"用户已存在"}
{"level":"ERROR","time":"2023-01-04T18:09:53.537+0800","caller":"controller/user.go:34","msg":"logic.signup failed","error":"用户已存在"}
{"level":"ERROR","time":"2023-01-04T18:09:55.885+0800","caller":"controller/user.go:34","msg":"logic.signup failed","error":"用户已存在"}
{"level":"INFO","time":"2023-01-04T18:10:24.750+0800","caller":"logger/logger.go:43","msg":"init logger success"}
{"level":"ERROR","time":"2023-01-04T18:10:28.611+0800","caller":"controller/user.go:33","msg":"logic.signup failed","error":"用户已存在"}
{"level":"ERROR","time":"2023-01-04T18:10:29.878+0800","caller":"controller/user.go:33","msg":"logic.signup failed","error":"用户已存在"}
{"level":"INFO","time":"2023-01-04T18:10:58.711+0800","caller":"logger/logger.go:43","msg":"init logger success"}
{"level":"ERROR","time":"2023-01-04T18:11:03.295+0800","caller":"controller/user.go:33","msg":"logic.signup failed","error":"用户已存在"}
{"level":"INFO","time":"2023-01-04T18:18:12.093+0800","caller":"logger/logger.go:43","msg":"init logger success"}
{"level":"ERROR","time":"2023-01-04T18:18:22.051+0800","caller":"controller/user.go:34","msg":"logic.signup failed","error":"用户已存在"}
{"level":"INFO","time":"2023-01-06T17:00:40.072+0800","caller":"logger/logger.go:43","msg":"init logger success"}
{"level":"ERROR","time":"2023-01-06T17:01:11.413+0800","caller":"controller/user.go:68","msg":"logic.Login failed","username":"zyq","error":"Error 1146: Table 'online_judge.user' doesn't exist"}
{"level":"ERROR","time":"2023-01-06T17:01:27.911+0800","caller":"controller/user.go:35","msg":"logic.signup failed","error":"Error 1146: Table 'online_judge.user' doesn't exist"}
{"level":"INFO","time":"2023-01-06T17:02:40.515+0800","caller":"logger/logger.go:43","msg":"init logger success"}
{"level":"INFO","time":"2023-01-06T22:19:33.418+0800","caller":"logger/logger.go:43","msg":"init logger success"}
{"level":"ERROR","time":"2023-01-06T22:19:44.494+0800","caller":"controller/user.go:68","msg":"logic.Login failed","username":"zyq","error":"密码错误"}
{"level":"INFO","time":"2023-01-06T22:25:25.776+0800","caller":"logger/logger.go:43","msg":"init logger success"}
{"level":"ERROR","time":"2023-01-06T22:25:34.401+0800","caller":"controller/user.go:68","msg":"logic.Login failed","username":"zyq","error":"密码错误"}
{"level":"INFO","time":"2023-01-06T22:26:00.033+0800","caller":"logger/logger.go:43","msg":"init logger success"}
{"level":"ERROR","time":"2023-01-06T22:26:01.979+0800","caller":"controller/user.go:68","msg":"logic.Login failed","username":"zyq","error":"密码错误"}
{"level":"INFO","time":"2023-01-11T16:10:55.900+0800","caller":"logger/logger.go:43","msg":"init logger success"}
{"level":"INFO","time":"2023-01-11T16:11:59.384+0800","caller":"logger/logger.go:43","msg":"init logger success"}
{"level":"INFO","time":"2023-01-11T16:14:40.814+0800","caller":"logger/logger.go:43","msg":"init logger success"}
{"level":"ERROR","time":"2023-01-11T16:14:58.952+0800","caller":"controller/user.go:71","msg":"logic.Login failed","username":"zyq","error":"密码错误"}
{"level":"INFO","time":"2023-01-11T16:15:37.188+0800","caller":"logger/logger.go:43","msg":"init logger success"}
{"level":"DEBUG","time":"2023-01-11T16:19:16.078+0800","caller":"controller/online_judge.go:16","msg":"c.ShouldBindJSON(problem) err","err":"未指定版块"}
{"level":"ERROR","time":"2023-01-11T16:19:16.079+0800","caller":"controller/online_judge.go:17","msg":"create problem with invalid param"}
{"level":"DEBUG","time":"2023-01-11T16:21:19.034+0800","caller":"controller/online_judge.go:16","msg":"c.ShouldBindJSON(problem) err","err":"未指定版块"}
{"level":"ERROR","time":"2023-01-11T16:21:19.034+0800","caller":"controller/online_judge.go:17","msg":"create problem with invalid param"}
{"level":"DEBUG","time":"2023-01-11T16:21:41.605+0800","caller":"controller/online_judge.go:16","msg":"c.ShouldBindJSON(problem) err","err":"未指定版块"}
{"level":"ERROR","time":"2023-01-11T16:21:41.606+0800","caller":"controller/online_judge.go:17","msg":"create problem with invalid param"}
{"level":"DEBUG","time":"2023-01-11T16:21:47.884+0800","caller":"controller/online_judge.go:16","msg":"c.ShouldBindJSON(problem) err","err":"未指定版块"}
{"level":"ERROR","time":"2023-01-11T16:21:47.885+0800","caller":"controller/online_judge.go:17","msg":"create problem with invalid param"}
{"level":"DEBUG","time":"2023-01-11T16:22:30.181+0800","caller":"controller/online_judge.go:16","msg":"c.ShouldBindJSON(problem) err","err":"json: cannot unmarshal string into Go struct field .community_id of type int64"}
{"level":"ERROR","time":"2023-01-11T16:22:30.181+0800","caller":"controller/online_judge.go:17","msg":"create problem with invalid param"}
{"level":"ERROR","time":"2023-01-11T16:22:36.598+0800","caller":"mysql/problem.go:19","msg":"insert problem failed","error":"Error 1146: Table 'online_judge.post' doesn't exist"}
{"level":"ERROR","time":"2023-01-11T16:22:36.598+0800","caller":"logic/online_judge.go:31","msg":"mysql.CreateProblem(&problem) failed","error":"插入数据失败"}
{"level":"ERROR","time":"2023-01-11T16:22:36.598+0800","caller":"controller/online_judge.go:34","msg":"logic.CreateProblem failed","error":"插入数据失败"}
{"level":"INFO","time":"2023-01-11T22:03:07.731+0800","caller":"logger/logger.go:43","msg":"init logger success"}
{"level":"ERROR","time":"2023-01-11T22:03:38.782+0800","caller":"mysql/problem.go:19","msg":"insert problem failed","error":"Error 1146: Table 'online_judge.post' doesn't exist"}
{"level":"ERROR","time":"2023-01-11T22:03:38.783+0800","caller":"logic/online_judge.go:31","msg":"mysql.CreateProblem(&problem) failed","error":"插入数据失败"}
{"level":"ERROR","time":"2023-01-11T22:03:38.783+0800","caller":"controller/online_judge.go:34","msg":"logic.CreateProblem failed","error":"插入数据失败"}
{"level":"INFO","time":"2023-01-11T22:06:22.818+0800","caller":"logger/logger.go:43","msg":"init logger success"}
{"level":"ERROR","time":"2023-01-11T22:06:25.194+0800","caller":"logic/online_judge.go:36","msg":"mysql.GetCommunityNameByID failed","error":"无效的ID"}
{"level":"ERROR","time":"2023-01-11T22:06:25.194+0800","caller":"controller/online_judge.go:34","msg":"logic.CreateProblem failed","error":"无效的ID"}
{"level":"INFO","time":"2023-01-11T22:13:59.594+0800","caller":"logger/logger.go:43","msg":"init logger success"}
{"level":"DEBUG","time":"2023-01-11T22:17:31.327+0800","caller":"logic/online_judge.go:133","msg":"GetProblemList2","ids":["54444196894867457","54444149968994305"]}
{"level":"ERROR","time":"2023-01-11T22:17:31.329+0800","caller":"logic/online_judge.go:239","msg":"GetProblemListNew failed","error":"missing destination name problem_id in *[]*models.Problem"}
{"level":"INFO","time":"2023-01-11T22:28:06.307+0800","caller":"logger/logger.go:43","msg":"init logger success"}
{"level":"DEBUG","time":"2023-01-11T22:28:43.835+0800","caller":"logic/online_judge.go:133","msg":"GetProblemList2","ids":["54444196894867457","54444149968994305"]}
{"level":"INFO","time":"2023-01-16T19:22:17.411+0800","caller":"logger/logger.go:43","msg":"init logger success"}
{"level":"INFO","time":"2023-01-16T20:22:34.502+0800","caller":"logger/logger.go:43","msg":"init logger success"}
{"level":"INFO","time":"2023-01-16T20:24:57.245+0800","caller":"logger/logger.go:43","msg":"init logger success"}
{"level":"ERROR","time":"2023-01-16T20:26:12.571+0800","caller":"controller/problem.go:90","msg":"get problem detail with invalid param","error":"strconv.ParseInt: parsing \"delete\": invalid syntax"}
{"level":"ERROR","time":"2023-01-16T20:27:42.956+0800","caller":"controller/problem.go:171","msg":"delete problem with invalid param"}
{"level":"INFO","time":"2023-01-16T20:28:09.245+0800","caller":"logger/logger.go:43","msg":"init logger success"}
{"level":"INFO","time":"2023-01-16T20:30:58.924+0800","caller":"logger/logger.go:43","msg":"init logger success"}
{"level":"INFO","time":"2023-01-17T16:51:59.579+0800","caller":"logger/logger.go:36","msg":"init logger success"}
{"level":"INFO","time":"2023-01-17T16:54:57.400+0800","caller":"logger/logger.go:36","msg":"init logger success"}
{"level":"INFO","time":"2023-01-18T15:57:42.827+0800","caller":"logger/logger.go:36","msg":"init logger success"}
